Copyright 1986-2019 Xilinx, Inc. All Rights Reserved.
--------------------------------------------------------------------------------------
| Tool Version : Vivado v.2018.3.1 (win64) Build 2489853 Tue Mar 26 04:20:25 MDT 2019
| Date         : Mon Jan 18 15:38:56 2021
| Host         : DESKTOP-4I669P4 running 64-bit major release  (build 9200)
| Command      : upgrade_ip
| Device       : xc7z020clg484-1
--------------------------------------------------------------------------------------

Upgrade Log for IP 'design_1_MYIP_TOP_0_0'

1. Summary
----------

SUCCESS in the upgrade of design_1_MYIP_TOP_0_0 (xilinx.com:user:MYIP_TOP:1.0) from (Rev. 35) to (Rev. 36)






Copyright 1986-2019 Xilinx, Inc. All Rights Reserved.
--------------------------------------------------------------------------------------
| Tool Version : Vivado v.2018.3.1 (win64) Build 2489853 Tue Mar 26 04:20:25 MDT 2019
| Date         : Mon Jan 18 14:40:38 2021
| Host         : DESKTOP-4I669P4 running 64-bit major release  (build 9200)
| Command      : upgrade_ip
| Device       : xc7z020clg484-1
--------------------------------------------------------------------------------------

Upgrade Log for IP 'design_1_MYIP_TOP_0_0'

1. Summary
----------

SUCCESS in the upgrade of design_1_MYIP_TOP_0_0 (xilinx.com:user:MYIP_TOP:1.0) from (Rev. 34) to (Rev. 35)






Copyright 1986-2019 Xilinx, Inc. All Rights Reserved.
--------------------------------------------------------------------------------------
| Tool Version : Vivado v.2018.3.1 (win64) Build 2489853 Tue Mar 26 04:20:25 MDT 2019
| Date         : Mon Jan 18 14:20:01 2021
| Host         : DESKTOP-4I669P4 running 64-bit major release  (build 9200)
| Command      : upgrade_ip
| Device       : xc7z020clg484-1
--------------------------------------------------------------------------------------

Upgrade Log for IP 'design_1_MYIP_TOP_0_0'

1. Summary
----------

SUCCESS in the upgrade of design_1_MYIP_TOP_0_0 (xilinx.com:user:MYIP_TOP:1.0) from (Rev. 33) to (Rev. 34)






Copyright 1986-2019 Xilinx, Inc. All Rights Reserved.
--------------------------------------------------------------------------------------
| Tool Version : Vivado v.2018.3.1 (win64) Build 2489853 Tue Mar 26 04:20:25 MDT 2019
| Date         : Mon Jan 18 11:26:23 2021
| Host         : DESKTOP-4I669P4 running 64-bit major release  (build 9200)
| Command      : upgrade_ip
| Device       : xc7z020clg484-1
--------------------------------------------------------------------------------------

Upgrade Log for IP 'design_1_MYIP_TOP_0_0'

1. Summary
----------

SUCCESS in the upgrade of design_1_MYIP_TOP_0_0 (xilinx.com:user:MYIP_TOP:1.0) from (Rev. 32) to (Rev. 33)






Copyright 1986-2019 Xilinx, Inc. All Rights Reserved.
--------------------------------------------------------------------------------------
| Tool Version : Vivado v.2018.3.1 (win64) Build 2489853 Tue Mar 26 04:20:25 MDT 2019
| Date         : Mon Jan 18 11:18:43 2021
| Host         : DESKTOP-4I669P4 running 64-bit major release  (build 9200)
| Command      : upgrade_ip
| Device       : xc7z020clg484-1
--------------------------------------------------------------------------------------

Upgrade Log for IP 'design_1_MYIP_TOP_0_0'

1. Summary
----------

SUCCESS in the upgrade of design_1_MYIP_TOP_0_0 (xilinx.com:user:MYIP_TOP:1.0) from (Rev. 31) to (Rev. 32)






Copyright 1986-2019 Xilinx, Inc. All Rights Reserved.
--------------------------------------------------------------------------------------
| Tool Version : Vivado v.2018.3.1 (win64) Build 2489853 Tue Mar 26 04:20:25 MDT 2019
| Date         : Mon Jan 18 05:01:32 2021
| Host         : DESKTOP-4I669P4 running 64-bit major release  (build 9200)
| Command      : upgrade_ip
| Device       : xc7z020clg484-1
--------------------------------------------------------------------------------------

Upgrade Log for IP 'design_1_MYIP_TOP_0_0'

1. Summary
----------

SUCCESS in the upgrade of design_1_MYIP_TOP_0_0 (xilinx.com:user:MYIP_TOP:1.0) from (Rev. 30) to (Rev. 31)






Copyright 1986-2019 Xilinx, Inc. All Rights Reserved.
--------------------------------------------------------------------------------------
| Tool Version : Vivado v.2018.3.1 (win64) Build 2489853 Tue Mar 26 04:20:25 MDT 2019
| Date         : Mon Jan 18 02:37:41 2021
| Host         : DESKTOP-4I669P4 running 64-bit major release  (build 9200)
| Command      : upgrade_ip
| Device       : xc7z020clg484-1
--------------------------------------------------------------------------------------

Upgrade Log for IP 'design_1_rst_ps7_0_100M_0'

1. Summary
----------

SUCCESS in the conversion of design_1_rst_ps7_0_100M_0 (xilinx.com:ip:proc_sys_reset:5.0 (Rev. 13)) to Vivado generation flows.






Copyright 1986-2019 Xilinx, Inc. All Rights Reserved.
--------------------------------------------------------------------------------------
| Tool Version : Vivado v.2018.3.1 (win64) Build 2489853 Tue Mar 26 04:20:25 MDT 2019
| Date         : Mon Jan 18 02:37:41 2021
| Host         : DESKTOP-4I669P4 running 64-bit major release  (build 9200)
| Command      : upgrade_ip
| Device       : xc7z020clg484-1
--------------------------------------------------------------------------------------

Upgrade Log for IP 'design_1_processing_system7_0_0'

1. Summary
----------

SUCCESS in the conversion of design_1_processing_system7_0_0 (xilinx.com:ip:processing_system7:5.5 (Rev. 6)) to Vivado generation flows.

2. Upgrade messages
-------------------

WARNING: upgrade cannot add parameter PCW_TRACE_INTERNAL_WIDTH with default value 32 : a parameter called PCW_TRACE_INTERNAL_WIDTH already exists in processing_system7_v5_5
WARNING: upgrade cannot add parameter PCW_USE_AXI_NONSECURE with default value 0 : a parameter called PCW_USE_AXI_NONSECURE already exists in processing_system7_v5_5
WARNING: upgrade cannot add parameter PCW_EN_PTP_ENET0 with default value 1 : a parameter called PCW_EN_PTP_ENET0 already exists in processing_system7_v5_5
WARNING: upgrade cannot add parameter PCW_EN_PTP_ENET0 with default value 1 : a parameter called PCW_EN_PTP_ENET0 already exists in processing_system7_v5_5
WARNING: upgrade cannot add parameter PCW_GP0_NUM_WRITE_THREADS with default value 4 : a parameter called PCW_GP0_NUM_WRITE_THREADS already exists in processing_system7_v5_5
WARNING: upgrade cannot add parameter PCW_GP0_NUM_READ_THREADS with default value 4 : a parameter called PCW_GP0_NUM_READ_THREADS already exists in processing_system7_v5_5
WARNING: upgrade cannot add parameter PCW_GP1_NUM_WRITE_THREADS with default value 4 : a parameter called PCW_GP1_NUM_WRITE_THREADS already exists in processing_system7_v5_5
WARNING: upgrade cannot add parameter PCW_GP1_NUM_READ_THREADS with default value 4 : a parameter called PCW_GP1_NUM_READ_THREADS already exists in processing_system7_v5_5
WARNING: upgrade cannot add parameter PCW_GP0_EN_MODIFIABLE_TXN with default value 0 : a parameter called PCW_GP0_EN_MODIFIABLE_TXN already exists in processing_system7_v5_5
WARNING: upgrade cannot add parameter PCW_GP1_EN_MODIFIABLE_TXN with default value 0 : a parameter called PCW_GP1_EN_MODIFIABLE_TXN already exists in processing_system7_v5_5






Copyright 1986-2019 Xilinx, Inc. All Rights Reserved.
--------------------------------------------------------------------------------------
| Tool Version : Vivado v.2018.3.1 (win64) Build 2489853 Tue Mar 26 04:20:25 MDT 2019
| Date         : Mon Jan 18 02:32:26 2021
| Host         : DESKTOP-4I669P4 running 64-bit major release  (build 9200)
| Command      : upgrade_ip
| Device       : xc7z020clg484-1
--------------------------------------------------------------------------------------

Upgrade Log for IP 'design_1_MYIP_TOP_0_0'

1. Summary
----------

CAUTION (success, with warnings) in the upgrade of design_1_MYIP_TOP_0_0 (xilinx.com:user:MYIP_TOP:1.0) from (Rev. 29) to (Rev. 30)

After upgrade, an IP may have parameter differences compared to the original customization. Please review the parameters within the IP customization GUI to ensure proper functionality.

2. Customization warnings
-------------------------

Parameter 'TRN_IDLE' is no longer present on the upgraded IP 'design_1_MYIP_TOP_0_0', and cannot be set to '"00"'

Parameter 'TRN_BUSY' is no longer present on the upgraded IP 'design_1_MYIP_TOP_0_0', and cannot be set to '"01"'

Parameter 'TRN_NONSEQ' is no longer present on the upgraded IP 'design_1_MYIP_TOP_0_0', and cannot be set to '"10"'

Parameter 'TRN_SEQ' is no longer present on the upgraded IP 'design_1_MYIP_TOP_0_0', and cannot be set to '"11"'

Parameter 'RSP_OKAY' is no longer present on the upgraded IP 'design_1_MYIP_TOP_0_0', and cannot be set to '"00"'

Parameter 'RSP_ERROR' is no longer present on the upgraded IP 'design_1_MYIP_TOP_0_0', and cannot be set to '"01"'

Parameter 'RSP_RETRY' is no longer present on the upgraded IP 'design_1_MYIP_TOP_0_0', and cannot be set to '"10"'

Parameter 'RSP_SPLIT' is no longer present on the upgraded IP 'design_1_MYIP_TOP_0_0', and cannot be set to '"11"'


3. Debug Commands
-----------------

  The following debug information can be passed to Vivado as Tcl commands,
in order to validate or debug the output of the upgrade flow.
  You may consult any warnings from within this upgrade, and alter or remove
the configuration parameter(s) which caused the warning; then execute the Tcl
commands, and use the IP Customization GUI to verify the IP configuration.

create_ip -vlnv xilinx.com:user:MYIP_TOP:1.0 -user_name design_1_MYIP_TOP_0_0
set_property -dict "\
  CONFIG.Component_Name {design_1_MYIP_TOP_0_0} " [get_ips design_1_MYIP_TOP_0_0]







Copyright 1986-2019 Xilinx, Inc. All Rights Reserved.
--------------------------------------------------------------------------------------
| Tool Version : Vivado v.2018.3.1 (win64) Build 2489853 Tue Mar 26 04:20:25 MDT 2019
| Date         : Mon Jan 18 02:21:47 2021
| Host         : DESKTOP-4I669P4 running 64-bit major release  (build 9200)
| Command      : upgrade_ip
| Device       : xc7z020clg484-1
--------------------------------------------------------------------------------------

Upgrade Log for IP 'design_1_MYIP_TOP_0_0'

1. Summary
----------

SUCCESS in the upgrade of design_1_MYIP_TOP_0_0 (xilinx.com:user:MYIP_TOP:1.0) from (Rev. 28) to (Rev. 29)






Copyright 1986-2019 Xilinx, Inc. All Rights Reserved.
--------------------------------------------------------------------------------------
| Tool Version : Vivado v.2018.3.1 (win64) Build 2489853 Tue Mar 26 04:20:25 MDT 2019
| Date         : Mon Jan 18 02:21:28 2021
| Host         : DESKTOP-4I669P4 running 64-bit major release  (build 9200)
| Command      : upgrade_ip
| Device       : xc7z020clg484-1
--------------------------------------------------------------------------------------

Upgrade Log for IP 'design_1_MYIP_TOP_0_0'

1. Summary
----------

SUCCESS in the conversion of design_1_MYIP_TOP_0_0 (xilinx.com:user:MYIP_TOP:1.0 (Rev. 28)) to Vivado generation flows.






Copyright 1986-2019 Xilinx, Inc. All Rights Reserved.
--------------------------------------------------------------------------------------
| Tool Version : Vivado v.2018.3.1 (win64) Build 2489853 Tue Mar 26 04:20:25 MDT 2019
| Date         : Sun Jan 17 23:00:48 2021
| Host         : DESKTOP-4I669P4 running 64-bit major release  (build 9200)
| Command      : upgrade_ip
| Device       : xc7z020clg484-1
--------------------------------------------------------------------------------------

Upgrade Log for IP 'design_1_MYIP_TOP_0_0'

1. Summary
----------

SUCCESS in the conversion of design_1_MYIP_TOP_0_0 (xilinx.com:user:MYIP_TOP:1.0 (Rev. 28)) to Vivado generation flows.






Copyright 1986-2019 Xilinx, Inc. All Rights Reserved.
--------------------------------------------------------------------------------------
| Tool Version : Vivado v.2018.3.1 (win64) Build 2489853 Tue Mar 26 04:20:25 MDT 2019
| Date         : Sun Jan 17 18:51:23 2021
| Host         : DESKTOP-4I669P4 running 64-bit major release  (build 9200)
| Command      : upgrade_ip
| Device       : xc7z020clg484-1
--------------------------------------------------------------------------------------

Upgrade Log for IP 'design_1_MYIP_TOP_0_0'

1. Summary
----------

SUCCESS in the upgrade of design_1_MYIP_TOP_0_0 (xilinx.com:user:MYIP_TOP:1.0) from (Rev. 27) to (Rev. 28)






Copyright 1986-2019 Xilinx, Inc. All Rights Reserved.
--------------------------------------------------------------------------------------
| Tool Version : Vivado v.2018.3.1 (win64) Build 2489853 Tue Mar 26 04:20:25 MDT 2019
| Date         : Sun Jan 17 18:44:22 2021
| Host         : DESKTOP-4I669P4 running 64-bit major release  (build 9200)
| Command      : upgrade_ip
| Device       : xc7z020clg484-1
--------------------------------------------------------------------------------------

Upgrade Log for IP 'design_1_MYIP_TOP_0_0'

1. Summary
----------

SUCCESS in the upgrade of design_1_MYIP_TOP_0_0 (xilinx.com:user:MYIP_TOP:1.0) from (Rev. 25) to (Rev. 27)






Copyright 1986-2019 Xilinx, Inc. All Rights Reserved.
--------------------------------------------------------------------------------------
| Tool Version : Vivado v.2018.3.1 (win64) Build 2489853 Tue Mar 26 04:20:25 MDT 2019
| Date         : Sun Jan 17 18:37:21 2021
| Host         : DESKTOP-4I669P4 running 64-bit major release  (build 9200)
| Command      : upgrade_ip
| Device       : xc7z020clg484-1
--------------------------------------------------------------------------------------

Upgrade Log for IP 'design_1_MYIP_TOP_0_0'

1. Summary
----------

SUCCESS in the upgrade of design_1_MYIP_TOP_0_0 (xilinx.com:user:MYIP_TOP:1.0) from (Rev. 24) to (Rev. 25)






Copyright 1986-2019 Xilinx, Inc. All Rights Reserved.
--------------------------------------------------------------------------------------
| Tool Version : Vivado v.2018.3.1 (win64) Build 2489853 Tue Mar 26 04:20:25 MDT 2019
| Date         : Sun Jan 17 18:32:00 2021
| Host         : DESKTOP-4I669P4 running 64-bit major release  (build 9200)
| Command      : upgrade_ip
| Device       : xc7z020clg484-1
--------------------------------------------------------------------------------------

Upgrade Log for IP 'design_1_MYIP_TOP_0_0'

1. Summary
----------

SUCCESS in the upgrade of design_1_MYIP_TOP_0_0 (xilinx.com:user:MYIP_TOP:1.0) from (Rev. 23) to (Rev. 24)






Copyright 1986-2019 Xilinx, Inc. All Rights Reserved.
--------------------------------------------------------------------------------------
| Tool Version : Vivado v.2018.3.1 (win64) Build 2489853 Tue Mar 26 04:20:25 MDT 2019
| Date         : Sun Jan 17 18:19:23 2021
| Host         : DESKTOP-4I669P4 running 64-bit major release  (build 9200)
| Command      : upgrade_ip
| Device       : xc7z020clg484-1
--------------------------------------------------------------------------------------

Upgrade Log for IP 'design_1_MYIP_TOP_0_0'

1. Summary
----------

SUCCESS in the upgrade of design_1_MYIP_TOP_0_0 (xilinx.com:user:MYIP_TOP:1.0) from (Rev. 22) to (Rev. 23)






Copyright 1986-2019 Xilinx, Inc. All Rights Reserved.
--------------------------------------------------------------------------------------
| Tool Version : Vivado v.2018.3.1 (win64) Build 2489853 Tue Mar 26 04:20:25 MDT 2019
| Date         : Sun Jan 17 17:47:38 2021
| Host         : DESKTOP-4I669P4 running 64-bit major release  (build 9200)
| Command      : upgrade_ip
| Device       : xc7z020clg484-1
--------------------------------------------------------------------------------------

Upgrade Log for IP 'design_1_MYIP_TOP_0_0'

1. Summary
----------

SUCCESS in the upgrade of design_1_MYIP_TOP_0_0 (xilinx.com:user:MYIP_TOP:1.0) from (Rev. 21) to (Rev. 22)






Copyright 1986-2019 Xilinx, Inc. All Rights Reserved.
--------------------------------------------------------------------------------------
| Tool Version : Vivado v.2018.3.1 (win64) Build 2489853 Tue Mar 26 04:20:25 MDT 2019
| Date         : Sun Jan 17 17:46:46 2021
| Host         : DESKTOP-4I669P4 running 64-bit major release  (build 9200)
| Command      : upgrade_ip
| Device       : xc7z020clg484-1
--------------------------------------------------------------------------------------

Upgrade Log for IP 'design_1_MYIP_TOP_0_0'

1. Summary
----------

SUCCESS in the upgrade of design_1_MYIP_TOP_0_0 (xilinx.com:user:MYIP_TOP:1.0) from (Rev. 20) to (Rev. 21)






Copyright 1986-2019 Xilinx, Inc. All Rights Reserved.
--------------------------------------------------------------------------------------
| Tool Version : Vivado v.2018.3.1 (win64) Build 2489853 Tue Mar 26 04:20:25 MDT 2019
| Date         : Sun Jan 17 17:15:35 2021
| Host         : DESKTOP-4I669P4 running 64-bit major release  (build 9200)
| Command      : upgrade_ip
| Device       : xc7z020clg484-1
--------------------------------------------------------------------------------------

Upgrade Log for IP 'design_1_MYIP_TOP_0_0'

1. Summary
----------

SUCCESS in the upgrade of design_1_MYIP_TOP_0_0 (xilinx.com:user:MYIP_TOP:1.0) from (Rev. 19) to (Rev. 20)






Copyright 1986-2019 Xilinx, Inc. All Rights Reserved.
--------------------------------------------------------------------------------------
| Tool Version : Vivado v.2018.3.1 (win64) Build 2489853 Tue Mar 26 04:20:25 MDT 2019
| Date         : Sun Jan 17 17:10:04 2021
| Host         : DESKTOP-4I669P4 running 64-bit major release  (build 9200)
| Command      : upgrade_ip
| Device       : xc7z020clg484-1
--------------------------------------------------------------------------------------

Upgrade Log for IP 'design_1_MYIP_TOP_0_0'

1. Summary
----------

SUCCESS in the upgrade of design_1_MYIP_TOP_0_0 (xilinx.com:user:MYIP_TOP:1.0) from (Rev. 18) to (Rev. 19)






Copyright 1986-2019 Xilinx, Inc. All Rights Reserved.
--------------------------------------------------------------------------------------
| Tool Version : Vivado v.2018.3.1 (win64) Build 2489853 Tue Mar 26 04:20:25 MDT 2019
| Date         : Sun Jan 17 16:59:50 2021
| Host         : DESKTOP-4I669P4 running 64-bit major release  (build 9200)
| Command      : upgrade_ip
| Device       : xc7z020clg484-1
--------------------------------------------------------------------------------------

Upgrade Log for IP 'design_1_MYIP_TOP_0_0'

1. Summary
----------

SUCCESS in the upgrade of design_1_MYIP_TOP_0_0 (xilinx.com:user:MYIP_TOP:1.0) from (Rev. 17) to (Rev. 18)






Copyright 1986-2019 Xilinx, Inc. All Rights Reserved.
--------------------------------------------------------------------------------------
| Tool Version : Vivado v.2018.3.1 (win64) Build 2489853 Tue Mar 26 04:20:25 MDT 2019
| Date         : Sun Jan 17 16:55:32 2021
| Host         : DESKTOP-4I669P4 running 64-bit major release  (build 9200)
| Command      : upgrade_ip
| Device       : xc7z020clg484-1
--------------------------------------------------------------------------------------

Upgrade Log for IP 'design_1_MYIP_TOP_0_0'

1. Summary
----------

SUCCESS in the upgrade of design_1_MYIP_TOP_0_0 (xilinx.com:user:MYIP_TOP:1.0) from (Rev. 16) to (Rev. 17)






Copyright 1986-2019 Xilinx, Inc. All Rights Reserved.
--------------------------------------------------------------------------------------
| Tool Version : Vivado v.2018.3.1 (win64) Build 2489853 Tue Mar 26 04:20:25 MDT 2019
| Date         : Sun Jan 17 16:53:32 2021
| Host         : DESKTOP-4I669P4 running 64-bit major release  (build 9200)
| Command      : upgrade_ip
| Device       : xc7z020clg484-1
--------------------------------------------------------------------------------------

Upgrade Log for IP 'design_1_MYIP_TOP_0_0'

1. Summary
----------

SUCCESS in the upgrade of design_1_MYIP_TOP_0_0 (xilinx.com:user:MYIP_TOP:1.0) from (Rev. 14) to (Rev. 16)






Copyright 1986-2019 Xilinx, Inc. All Rights Reserved.
--------------------------------------------------------------------------------------
| Tool Version : Vivado v.2018.3.1 (win64) Build 2489853 Tue Mar 26 04:20:25 MDT 2019
| Date         : Sun Jan 17 16:35:04 2021
| Host         : DESKTOP-4I669P4 running 64-bit major release  (build 9200)
| Command      : upgrade_ip
| Device       : xc7z020clg484-1
--------------------------------------------------------------------------------------

Upgrade Log for IP 'design_1_MYIP_TOP_0_0'

1. Summary
----------

SUCCESS in the upgrade of design_1_MYIP_TOP_0_0 (xilinx.com:user:MYIP_TOP:1.0) from (Rev. 12) to (Rev. 14)






Copyright 1986-2019 Xilinx, Inc. All Rights Reserved.
--------------------------------------------------------------------------------------
| Tool Version : Vivado v.2018.3.1 (win64) Build 2489853 Tue Mar 26 04:20:25 MDT 2019
| Date         : Sun Jan 17 16:06:20 2021
| Host         : DESKTOP-4I669P4 running 64-bit major release  (build 9200)
| Command      : upgrade_ip
| Device       : xc7z020clg484-1
--------------------------------------------------------------------------------------

Upgrade Log for IP 'design_1_MYIP_TOP_0_0'

1. Summary
----------

SUCCESS in the upgrade of design_1_MYIP_TOP_0_0 (xilinx.com:user:MYIP_TOP:1.0) from (Rev. 11) to (Rev. 12)






Copyright 1986-2019 Xilinx, Inc. All Rights Reserved.
--------------------------------------------------------------------------------------
| Tool Version : Vivado v.2018.3.1 (win64) Build 2489853 Tue Mar 26 04:20:25 MDT 2019
| Date         : Sun Jan 17 15:50:12 2021
| Host         : DESKTOP-4I669P4 running 64-bit major release  (build 9200)
| Command      : upgrade_ip
| Device       : xc7z020clg484-1
--------------------------------------------------------------------------------------

Upgrade Log for IP 'design_1_MYIP_TOP_0_0'

1. Summary
----------

SUCCESS in the upgrade of design_1_MYIP_TOP_0_0 (xilinx.com:user:MYIP_TOP:1.0) from (Rev. 10) to (Rev. 11)






Copyright 1986-2019 Xilinx, Inc. All Rights Reserved.
--------------------------------------------------------------------------------------
| Tool Version : Vivado v.2018.3.1 (win64) Build 2489853 Tue Mar 26 04:20:25 MDT 2019
| Date         : Sun Jan 17 15:22:05 2021
| Host         : DESKTOP-4I669P4 running 64-bit major release  (build 9200)
| Command      : upgrade_ip
| Device       : xc7z020clg484-1
--------------------------------------------------------------------------------------

Upgrade Log for IP 'design_1_MYIP_TOP_0_0'

1. Summary
----------

SUCCESS in the upgrade of design_1_MYIP_TOP_0_0 (xilinx.com:user:MYIP_TOP:1.0) from (Rev. 9) to (Rev. 10)






Copyright 1986-2019 Xilinx, Inc. All Rights Reserved.
--------------------------------------------------------------------------------------
| Tool Version : Vivado v.2018.3.1 (win64) Build 2489853 Tue Mar 26 04:20:25 MDT 2019
| Date         : Sat Jan 16 17:38:34 2021
| Host         : DESKTOP-4I669P4 running 64-bit major release  (build 9200)
| Command      : upgrade_ip
| Device       : xc7z020clg484-1
--------------------------------------------------------------------------------------

Upgrade Log for IP 'design_1_xlconstant_0_0'

1. Summary
----------

SUCCESS in the upgrade of design_1_xlconstant_0_0 (xilinx.com:ip:xlconstant:1.1) from (Rev. 3) to (Rev. 5)






Copyright 1986-2019 Xilinx, Inc. All Rights Reserved.
--------------------------------------------------------------------------------------
| Tool Version : Vivado v.2018.3.1 (win64) Build 2489853 Tue Mar 26 04:20:25 MDT 2019
| Date         : Sat Jan 16 17:38:34 2021
| Host         : DESKTOP-4I669P4 running 64-bit major release  (build 9200)
| Command      : upgrade_ip
| Device       : xc7z020clg484-1
--------------------------------------------------------------------------------------

Upgrade Log for IP 'design_1_rst_ps7_0_100M_0'

1. Summary
----------

SUCCESS in the upgrade of design_1_rst_ps7_0_100M_0 (xilinx.com:ip:proc_sys_reset:5.0) from (Rev. 12) to (Rev. 13)






Copyright 1986-2019 Xilinx, Inc. All Rights Reserved.
--------------------------------------------------------------------------------------
| Tool Version : Vivado v.2018.3.1 (win64) Build 2489853 Tue Mar 26 04:20:25 MDT 2019
| Date         : Sat Jan 16 17:38:34 2021
| Host         : DESKTOP-4I669P4 running 64-bit major release  (build 9200)
| Command      : upgrade_ip
| Device       : xc7z020clg484-1
--------------------------------------------------------------------------------------

Upgrade Log for IP 'design_1_axi_interconnect_0_0'

1. Summary
----------

SUCCESS in the upgrade of design_1_axi_interconnect_0_0 (xilinx.com:ip:axi_interconnect:2.1) from (Rev. 15) to (Rev. 19)






Copyright 1986-2019 Xilinx, Inc. All Rights Reserved.
--------------------------------------------------------------------------------------
| Tool Version : Vivado v.2018.3.1 (win64) Build 2489853 Tue Mar 26 04:20:25 MDT 2019
| Date         : Sat Jan 16 17:38:34 2021
| Host         : DESKTOP-4I669P4 running 64-bit major release  (build 9200)
| Command      : upgrade_ip
| Device       : xc7z020clg484-1
--------------------------------------------------------------------------------------

Upgrade Log for IP 'design_1_axi_ahblite_bridge_0_0'

1. Summary
----------

SUCCESS in the upgrade of design_1_axi_ahblite_bridge_0_0 (xilinx.com:ip:axi_ahblite_bridge:3.0) from (Rev. 12) to (Rev. 15)






Copyright 1986-2017 Xilinx, Inc. All Rights Reserved.
------------------------------------------------------------------------------------
| Tool Version : Vivado v.2017.3 (win64) Build 2018833 Wed Oct  4 19:58:22 MDT 2017
| Date         : Mon Dec  7 13:27:51 2020
| Host         : DESKTOP-9P1CI18 running 64-bit major release  (build 9200)
| Command      : upgrade_ip
| Device       : xc7z020clg484-1
------------------------------------------------------------------------------------

Upgrade Log for IP 'design_1_ccu_dnn_wrapper_0_0'

1. Summary
----------

SUCCESS in the upgrade of design_1_ccu_dnn_wrapper_0_0 (xilinx.com:user:ccu_dnn_wrapper:1.0) from (Rev. 9) to (Rev. 10)






Copyright 1986-2017 Xilinx, Inc. All Rights Reserved.
------------------------------------------------------------------------------------
| Tool Version : Vivado v.2017.3 (win64) Build 2018833 Wed Oct  4 19:58:22 MDT 2017
| Date         : Mon Dec  7 10:50:55 2020
| Host         : DESKTOP-9P1CI18 running 64-bit major release  (build 9200)
| Command      : upgrade_ip
| Device       : xc7z020clg484-1
------------------------------------------------------------------------------------

Upgrade Log for IP 'design_1_ccu_dnn_wrapper_0_0'

1. Summary
----------

SUCCESS in the upgrade of design_1_ccu_dnn_wrapper_0_0 (xilinx.com:user:ccu_dnn_wrapper:1.0) from (Rev. 8) to (Rev. 9)






Copyright 1986-2017 Xilinx, Inc. All Rights Reserved.
------------------------------------------------------------------------------------
| Tool Version : Vivado v.2017.3 (win64) Build 2018833 Wed Oct  4 19:58:22 MDT 2017
| Date         : Sun Dec  6 23:06:42 2020
| Host         : DESKTOP-9P1CI18 running 64-bit major release  (build 9200)
| Command      : upgrade_ip
| Device       : xc7z020clg484-1
------------------------------------------------------------------------------------

Upgrade Log for IP 'design_1_ccu_dnn_wrapper_0_0'

1. Summary
----------

SUCCESS in the upgrade of design_1_ccu_dnn_wrapper_0_0 (xilinx.com:user:ccu_dnn_wrapper:1.0) from (Rev. 6) to (Rev. 8)






Copyright 1986-2017 Xilinx, Inc. All Rights Reserved.
------------------------------------------------------------------------------------
| Tool Version : Vivado v.2017.3 (win64) Build 2018833 Wed Oct  4 19:58:22 MDT 2017
| Date         : Sun Dec  6 15:17:14 2020
| Host         : DESKTOP-9P1CI18 running 64-bit major release  (build 9200)
| Command      : upgrade_ip
| Device       : xc7z020clg484-1
------------------------------------------------------------------------------------

Upgrade Log for IP 'design_1_ccu_dnn_wrapper_0_0'

1. Summary
----------

SUCCESS in the upgrade of design_1_ccu_dnn_wrapper_0_0 (xilinx.com:user:ccu_dnn_wrapper:1.0) from (Rev. 4) to (Rev. 6)






Copyright 1986-2017 Xilinx, Inc. All Rights Reserved.
------------------------------------------------------------------------------------
| Tool Version : Vivado v.2017.3 (win64) Build 2018833 Wed Oct  4 19:58:22 MDT 2017
| Date         : Sun Dec  6 15:14:13 2020
| Host         : DESKTOP-9P1CI18 running 64-bit major release  (build 9200)
| Command      : upgrade_ip
| Device       : xc7z020clg484-1
------------------------------------------------------------------------------------

Upgrade Log for IP 'design_1_ccu_dnn_wrapper_0_0'

1. Summary
----------

SUCCESS in the conversion of design_1_ccu_dnn_wrapper_0_0 (xilinx.com:user:ccu_dnn_wrapper:1.0 (Rev. 4)) to Vivado generation flows.






Copyright 1986-2017 Xilinx, Inc. All Rights Reserved.
------------------------------------------------------------------------------------
| Tool Version : Vivado v.2017.3 (win64) Build 2018833 Wed Oct  4 19:58:22 MDT 2017
| Date         : Sun Dec  6 15:12:05 2020
| Host         : DESKTOP-9P1CI18 running 64-bit major release  (build 9200)
| Command      : upgrade_ip
| Device       : xc7z020clg484-1
------------------------------------------------------------------------------------

Upgrade Log for IP 'design_1_ccu_dnn_wrapper_0_0'

1. Summary
----------

SUCCESS in the upgrade of design_1_ccu_dnn_wrapper_0_0 (xilinx.com:user:ccu_dnn_wrapper:1.0) from (Rev. 3) to (Rev. 4)






Copyright 1986-2017 Xilinx, Inc. All Rights Reserved.
------------------------------------------------------------------------------------
| Tool Version : Vivado v.2017.3 (win64) Build 2018833 Wed Oct  4 19:58:22 MDT 2017
| Date         : Sun Dec  6 15:08:09 2020
| Host         : DESKTOP-9P1CI18 running 64-bit major release  (build 9200)
| Command      : upgrade_ip
| Device       : xc7z020clg484-1
------------------------------------------------------------------------------------

Upgrade Log for IP 'design_1_ccu_dnn_wrapper_0_0'

1. Summary
----------

SUCCESS in the upgrade of design_1_ccu_dnn_wrapper_0_0 (xilinx.com:user:ccu_dnn_wrapper:1.0) from (Rev. 2) to (Rev. 3)

