#-----------------------------------------------------------
# Vivado v2018.3.1 (64-bit)
# SW Build 2489853 on Tue Mar 26 04:20:25 MDT 2019
# IP Build 2486929 on Tue Mar 26 06:44:21 MDT 2019
# Start of session at: Mon Jan 18 20:32:17 2021
# Process ID: 21712
# Current directory: D:/Vivado/catch_pdm_zedboard_new/pdm_system
# Command line: vivado.exe -gui_launcher_event rodinguilauncherevent22624 D:\Vivado\catch_pdm_zedboard_new\pdm_system\zedboard.xpr
# Log file: D:/Vivado/catch_pdm_zedboard_new/pdm_system/vivado.log
# Journal file: D:/Vivado/catch_pdm_zedboard_new/pdm_system\vivado.jou
#-----------------------------------------------------------
start_gui
open_project D:/Vivado/catch_pdm_zedboard_new/pdm_system/zedboard.xpr
INFO: [Project 1-313] Project file moved from 'D:/Vivado/pdm_system' since last save.
Scanning sources...
Finished scanning sources
INFO: [filemgmt 56-1] IP Repository Path: Directory not found as 'D:/Vivado/catch_pdm_zedboard_new/catch_pdm_zedboard_new'; using path 'D:/Vivado/catch_pdm_zedboard_new' instead.
INFO: [IP_Flow 19-234] Refreshing IP repositories
INFO: [IP_Flow 19-1700] Loaded user IP repository 'd:/Vivado/catch_pdm_zedboard_new'.
WARNING: [IP_Flow 19-3656] If you move the project, the path for repository 'd:/Vivado/catch_pdm_zedboard_new' may become invalid. A better location for the repository would be in a path adjacent to the project. (Current project location is 'd:/Vivado/catch_pdm_zedboard_new/pdm_system'.)
INFO: [IP_Flow 19-2313] Loaded Vivado IP repository 'C:/Xilinx/Vivado/2018.3/data/ip'.
open_project: Time (s): cpu = 00:00:13 ; elapsed = 00:00:08 . Memory (MB): peak = 790.934 ; gain = 150.227
update_compile_order -fileset sources_1
