Vivado Simulator 2018.3
Copyright 1986-1999, 2001-2018 Xilinx, Inc. All Rights Reserved.
Running: C:/Xilinx/Vivado/2018.3/bin/unwrapped/win64.o/xelab.exe -wto 9cac544fe869499295db80418a572738 --incr --debug typical --relax --mt 2 -L xil_defaultlib -L xilinx_vip -L unisims_ver -L secureip --snapshot design_1_wrapper_func_synth xil_defaultlib.design_1_wrapper xil_defaultlib.glbl -log elaborate.log 
Using 2 slave threads.
Starting static elaboration
Completed static elaboration
Starting simulation data flow analysis
Completed simulation data flow analysis
Time Resolution for simulation is 1ps
Compiling module unisims_ver.GND
Compiling module unisims_ver.LUT6
Compiling module unisims_ver.FDCE_default
Compiling module unisims_ver.LUT4
Compiling module unisims_ver.x_lut1_mux2
Compiling module unisims_ver.LUT1
Compiling module unisims_ver.VCC
Compiling module unisims_ver.FDRE_default
Compiling module unisims_ver.LUT5
Compiling module unisims_ver.x_lut3_mux8
Compiling module unisims_ver.LUT3
Compiling module unisims_ver.x_lut2_mux4
Compiling module unisims_ver.LUT2
Compiling module xil_defaultlib.xpm_cdc_gray
Compiling module xil_defaultlib.xpm_cdc_gray__2
Compiling module xil_defaultlib.clk_x_pntrs
Compiling module unisims_ver.CARRY4
Compiling module xil_defaultlib.compare_2
Compiling module xil_defaultlib.compare_3
Compiling module unisims_ver.FDSE_default
Compiling module xil_defaultlib.rd_status_flags_as
Compiling module xil_defaultlib.rd_bin_cntr
Compiling module xil_defaultlib.rd_logic
Compiling module xil_defaultlib.compare
Compiling module xil_defaultlib.compare_1
Compiling module unisims_ver.FDSE(INIT=1'b0)
Compiling module xil_defaultlib.wr_status_flags_as
Compiling module xil_defaultlib.wr_bin_cntr
Compiling module xil_defaultlib.wr_logic
Compiling module unisims_ver.MUXF8
Compiling module unisims_ver.MUXF7
Compiling module xil_defaultlib.blk_mem_gen_mux__parameterized0
Compiling module unisims_ver.RB36_INTERNAL_VLOG(READ_WIDTH_A=...
Compiling module unisims_ver.RAMB36E1(READ_WIDTH_A=9,READ_WID...
Compiling module xil_defaultlib.blk_mem_gen_prim_wrapper
Compiling module xil_defaultlib.blk_mem_gen_prim_width
Compiling module xil_defaultlib.blk_mem_gen_prim_wrapper__parame...
Compiling module xil_defaultlib.blk_mem_gen_prim_width__paramete...
Compiling module xil_defaultlib.blk_mem_gen_prim_wrapper__parame...
Compiling module xil_defaultlib.blk_mem_gen_prim_width__paramete...
Compiling module xil_defaultlib.blk_mem_gen_prim_wrapper__parame...
Compiling module xil_defaultlib.blk_mem_gen_prim_width__paramete...
Compiling module xil_defaultlib.blk_mem_gen_prim_wrapper__parame...
Compiling module xil_defaultlib.blk_mem_gen_prim_width__paramete...
Compiling module xil_defaultlib.blk_mem_gen_prim_wrapper__parame...
Compiling module xil_defaultlib.blk_mem_gen_prim_width__paramete...
Compiling module xil_defaultlib.blk_mem_gen_prim_wrapper__parame...
Compiling module xil_defaultlib.blk_mem_gen_prim_width__paramete...
Compiling module xil_defaultlib.blk_mem_gen_prim_wrapper__parame...
Compiling module xil_defaultlib.blk_mem_gen_prim_width__paramete...
Compiling module xil_defaultlib.blk_mem_gen_prim_wrapper__parame...
Compiling module xil_defaultlib.blk_mem_gen_prim_width__paramete...
Compiling module xil_defaultlib.blk_mem_gen_prim_wrapper__parame...
Compiling module xil_defaultlib.blk_mem_gen_prim_width__paramete...
Compiling module xil_defaultlib.blk_mem_gen_prim_wrapper__parame...
Compiling module xil_defaultlib.blk_mem_gen_prim_width__paramete...
Compiling module xil_defaultlib.blk_mem_gen_prim_wrapper__parame...
Compiling module xil_defaultlib.blk_mem_gen_prim_width__paramete...
Compiling module xil_defaultlib.blk_mem_gen_prim_wrapper__parame...
Compiling module xil_defaultlib.blk_mem_gen_prim_width__paramete...
Compiling module xil_defaultlib.blk_mem_gen_prim_wrapper__parame...
Compiling module xil_defaultlib.blk_mem_gen_prim_width__paramete...
Compiling module xil_defaultlib.blk_mem_gen_prim_wrapper__parame...
Compiling module xil_defaultlib.blk_mem_gen_prim_width__paramete...
Compiling module xil_defaultlib.blk_mem_gen_prim_wrapper__parame...
Compiling module xil_defaultlib.blk_mem_gen_prim_width__paramete...
Compiling module xil_defaultlib.blk_mem_gen_prim_wrapper__parame...
Compiling module xil_defaultlib.blk_mem_gen_prim_width__paramete...
Compiling module xil_defaultlib.blk_mem_gen_prim_wrapper__parame...
Compiling module xil_defaultlib.blk_mem_gen_prim_width__paramete...
Compiling module xil_defaultlib.blk_mem_gen_prim_wrapper__parame...
Compiling module xil_defaultlib.blk_mem_gen_prim_width__paramete...
Compiling module xil_defaultlib.blk_mem_gen_prim_wrapper__parame...
Compiling module xil_defaultlib.blk_mem_gen_prim_width__paramete...
Compiling module xil_defaultlib.blk_mem_gen_prim_wrapper__parame...
Compiling module xil_defaultlib.blk_mem_gen_prim_width__paramete...
Compiling module xil_defaultlib.blk_mem_gen_prim_wrapper__parame...
Compiling module xil_defaultlib.blk_mem_gen_prim_width__paramete...
Compiling module xil_defaultlib.blk_mem_gen_prim_wrapper__parame...
Compiling module xil_defaultlib.blk_mem_gen_prim_width__paramete...
Compiling module xil_defaultlib.blk_mem_gen_prim_wrapper__parame...
Compiling module xil_defaultlib.blk_mem_gen_prim_width__paramete...
Compiling module xil_defaultlib.blk_mem_gen_prim_wrapper__parame...
Compiling module xil_defaultlib.blk_mem_gen_prim_width__paramete...
Compiling module xil_defaultlib.blk_mem_gen_prim_wrapper__parame...
Compiling module xil_defaultlib.blk_mem_gen_prim_width__paramete...
Compiling module xil_defaultlib.blk_mem_gen_prim_wrapper__parame...
Compiling module xil_defaultlib.blk_mem_gen_prim_width__paramete...
Compiling module xil_defaultlib.blk_mem_gen_prim_wrapper__parame...
Compiling module xil_defaultlib.blk_mem_gen_prim_width__paramete...
Compiling module xil_defaultlib.blk_mem_gen_prim_wrapper__parame...
Compiling module xil_defaultlib.blk_mem_gen_prim_width__paramete...
Compiling module xil_defaultlib.blk_mem_gen_prim_wrapper__parame...
Compiling module xil_defaultlib.blk_mem_gen_prim_width__paramete...
Compiling module xil_defaultlib.blk_mem_gen_prim_wrapper__parame...
Compiling module xil_defaultlib.blk_mem_gen_prim_width__paramete...
Compiling module xil_defaultlib.blk_mem_gen_prim_wrapper__parame...
Compiling module xil_defaultlib.blk_mem_gen_prim_width__paramete...
Compiling module xil_defaultlib.blk_mem_gen_prim_wrapper__parame...
Compiling module xil_defaultlib.blk_mem_gen_prim_width__paramete...
Compiling module xil_defaultlib.blk_mem_gen_prim_wrapper__parame...
Compiling module xil_defaultlib.blk_mem_gen_prim_width__paramete...
Compiling module xil_defaultlib.blk_mem_gen_prim_wrapper__parame...
Compiling module xil_defaultlib.blk_mem_gen_prim_width__paramete...
Compiling module xil_defaultlib.blk_mem_gen_prim_wrapper__parame...
Compiling module xil_defaultlib.blk_mem_gen_prim_width__paramete...
Compiling module xil_defaultlib.blk_mem_gen_prim_wrapper__parame...
Compiling module xil_defaultlib.blk_mem_gen_prim_width__paramete...
Compiling module xil_defaultlib.blk_mem_gen_prim_wrapper__parame...
Compiling module xil_defaultlib.blk_mem_gen_prim_width__paramete...
Compiling module xil_defaultlib.blk_mem_gen_prim_wrapper__parame...
Compiling module xil_defaultlib.blk_mem_gen_prim_width__paramete...
Compiling module xil_defaultlib.blk_mem_gen_prim_wrapper__parame...
Compiling module xil_defaultlib.blk_mem_gen_prim_width__paramete...
Compiling module xil_defaultlib.blk_mem_gen_prim_wrapper__parame...
Compiling module xil_defaultlib.blk_mem_gen_prim_width__paramete...
Compiling module xil_defaultlib.blk_mem_gen_prim_wrapper__parame...
Compiling module xil_defaultlib.blk_mem_gen_prim_width__paramete...
Compiling module unisims_ver.RB36_INTERNAL_VLOG(RAM_EXTENSION...
Compiling module unisims_ver.RAMB36E1(RAM_EXTENSION_A="LOWER"...
Compiling module unisims_ver.RB36_INTERNAL_VLOG(RAM_EXTENSION...
Compiling module unisims_ver.RAMB36E1(RAM_EXTENSION_A="UPPER"...
Compiling module xil_defaultlib.blk_mem_gen_prim_wrapper__parame...
Compiling module xil_defaultlib.blk_mem_gen_prim_width__paramete...
Compiling module xil_defaultlib.blk_mem_gen_prim_wrapper__parame...
Compiling module xil_defaultlib.blk_mem_gen_prim_width__paramete...
Compiling module xil_defaultlib.blk_mem_gen_prim_wrapper__parame...
Compiling module xil_defaultlib.blk_mem_gen_prim_width__paramete...
Compiling module xil_defaultlib.blk_mem_gen_prim_wrapper__parame...
Compiling module xil_defaultlib.blk_mem_gen_prim_width__paramete...
Compiling module xil_defaultlib.blk_mem_gen_prim_wrapper__parame...
Compiling module xil_defaultlib.blk_mem_gen_prim_width__paramete...
Compiling module unisims_ver.SRL16E_default
Compiling module xil_defaultlib.blk_mem_gen_prim_wrapper__parame...
Compiling module xil_defaultlib.blk_mem_gen_prim_width__paramete...
Compiling module xil_defaultlib.blk_mem_gen_prim_wrapper__parame...
Compiling module xil_defaultlib.blk_mem_gen_prim_width__paramete...
Compiling module xil_defaultlib.blk_mem_gen_prim_wrapper__parame...
Compiling module xil_defaultlib.blk_mem_gen_prim_width__paramete...
Compiling module xil_defaultlib.blk_mem_gen_prim_wrapper__parame...
Compiling module xil_defaultlib.blk_mem_gen_prim_width__paramete...
Compiling module xil_defaultlib.blk_mem_gen_prim_wrapper__parame...
Compiling module xil_defaultlib.blk_mem_gen_prim_width__paramete...
Compiling module xil_defaultlib.blk_mem_gen_prim_wrapper__parame...
Compiling module xil_defaultlib.blk_mem_gen_prim_width__paramete...
Compiling module xil_defaultlib.blk_mem_gen_generic_cstr
Compiling module xil_defaultlib.blk_mem_gen_top
Compiling module xil_defaultlib.blk_mem_gen_v8_4_2_synth
Compiling module xil_defaultlib.blk_mem_gen_v8_4_2
Compiling module xil_defaultlib.memory
Compiling module unisims_ver.FDRE(INIT=1'b1)
Compiling module xil_defaultlib.xpm_cdc_single
Compiling module xil_defaultlib.xpm_cdc_single__2
Compiling module xil_defaultlib.xpm_cdc_sync_rst
Compiling module xil_defaultlib.xpm_cdc_sync_rst__2
Compiling module xil_defaultlib.reset_blk_ramfifo
Compiling module xil_defaultlib.fifo_generator_ramfifo
Compiling module xil_defaultlib.fifo_generator_top
Compiling module xil_defaultlib.fifo_generator_v13_2_3_synth
Compiling module xil_defaultlib.fifo_generator_v13_2_3
Compiling module xil_defaultlib.fifo_generator_0
Compiling module xil_defaultlib.read_ctrl
Compiling module unisims_ver.FDPE_default
Compiling module unisims_ver.FDCE(IS_C_INVERTED=1'b1)
Compiling module xil_defaultlib.write_ctrl
Compiling module xil_defaultlib.pdm_m
Compiling module xil_defaultlib.MYIP_TOP
Compiling module xil_defaultlib.design_1_MYIP_TOP_0_0
Compiling module xil_defaultlib.ahb_mstr_if
Compiling module xil_defaultlib.axi_slv_if
Compiling module xil_defaultlib.ahb_skid_buf
Compiling module xil_defaultlib.axi_ahblite_bridge
Compiling module xil_defaultlib.design_1_axi_ahblite_bridge_0_0
Compiling module xil_defaultlib.design_1_auto_pc_0
Compiling module xil_defaultlib.s00_couplers_imp_O7FAN0
Compiling module xil_defaultlib.design_1_axi_interconnect_0_0
Compiling module unisims_ver.BIBUF
Compiling module unisims_ver.PS7
Compiling module unisims_ver.BUFG
Compiling module xil_defaultlib.processing_system7_v5_5_processi...
Compiling module xil_defaultlib.design_1_processing_system7_0_0
Compiling module xil_defaultlib.cdc_sync
Compiling module xil_defaultlib.cdc_sync_0
Compiling module xil_defaultlib.lpf
Compiling module xil_defaultlib.upcnt_n
Compiling module xil_defaultlib.sequence_psr
Compiling module xil_defaultlib.proc_sys_reset
Compiling module xil_defaultlib.design_1_rst_ps7_0_100M_0
Compiling module xil_defaultlib.design_1_xlconstant_0_0
Compiling module xil_defaultlib.design_1
Compiling module unisims_ver.IBUF
Compiling module xil_defaultlib.design_1_wrapper
Compiling module xil_defaultlib.glbl
Built simulation snapshot design_1_wrapper_func_synth
