INFO: [VRFC 10-2263] Analyzing Verilog file "D:/Vivado/pdm_system/zedboard.sim/sim_1/impl/func/xsim/design_1_wrapper_func_impl.v" into library xil_defaultlib
INFO: [VRFC 10-311] analyzing module MYIP_TOP
INFO: [VRFC 10-311] analyzing module ahb_mstr_if
INFO: [VRFC 10-311] analyzing module ahb_skid_buf
INFO: [VRFC 10-311] analyzing module axi_ahblite_bridge
INFO: [VRFC 10-311] analyzing module axi_slv_if
INFO: [VRFC 10-311] analyzing module cdc_sync
INFO: [VRFC 10-311] analyzing module cdc_sync_0
INFO: [VRFC 10-311] analyzing module design_1
INFO: [VRFC 10-311] analyzing module design_1_MYIP_TOP_0_0
INFO: [VRFC 10-311] analyzing module design_1_auto_pc_0
INFO: [VRFC 10-311] analyzing module design_1_axi_ahblite_bridge_0_0
INFO: [VRFC 10-311] analyzing module design_1_axi_interconnect_0_0
INFO: [VRFC 10-311] analyzing module design_1_processing_system7_0_0
INFO: [VRFC 10-311] analyzing module design_1_rst_ps7_0_100M_0
INFO: [VRFC 10-311] analyzing module design_1_wrapper
INFO: [VRFC 10-311] analyzing module fifo_generator_0
INFO: [VRFC 10-311] analyzing module lpf
INFO: [VRFC 10-311] analyzing module pdm_m
INFO: [VRFC 10-311] analyzing module proc_sys_reset
INFO: [VRFC 10-311] analyzing module processing_system7_v5_5_processing_system7
INFO: [VRFC 10-311] analyzing module read_ctrl
INFO: [VRFC 10-311] analyzing module s00_couplers_imp_O7FAN0
INFO: [VRFC 10-311] analyzing module sequence_psr
INFO: [VRFC 10-311] analyzing module upcnt_n
INFO: [VRFC 10-311] analyzing module write_ctrl
INFO: [VRFC 10-311] analyzing module xpm_cdc_gray
INFO: [VRFC 10-311] analyzing module xpm_cdc_gray__2
INFO: [VRFC 10-311] analyzing module xpm_cdc_single
INFO: [VRFC 10-311] analyzing module xpm_cdc_single__2
INFO: [VRFC 10-311] analyzing module xpm_cdc_sync_rst
INFO: [VRFC 10-311] analyzing module xpm_cdc_sync_rst__2
INFO: [VRFC 10-311] analyzing module blk_mem_gen_generic_cstr
INFO: [VRFC 10-311] analyzing module blk_mem_gen_mux__parameterized0
INFO: [VRFC 10-311] analyzing module blk_mem_gen_prim_width
INFO: [VRFC 10-311] analyzing module blk_mem_gen_prim_width__parameterized0
INFO: [VRFC 10-311] analyzing module blk_mem_gen_prim_width__parameterized1
INFO: [VRFC 10-311] analyzing module blk_mem_gen_prim_width__parameterized10
INFO: [VRFC 10-311] analyzing module blk_mem_gen_prim_width__parameterized11
INFO: [VRFC 10-311] analyzing module blk_mem_gen_prim_width__parameterized12
INFO: [VRFC 10-311] analyzing module blk_mem_gen_prim_width__parameterized13
INFO: [VRFC 10-311] analyzing module blk_mem_gen_prim_width__parameterized14
INFO: [VRFC 10-311] analyzing module blk_mem_gen_prim_width__parameterized15
INFO: [VRFC 10-311] analyzing module blk_mem_gen_prim_width__parameterized16
INFO: [VRFC 10-311] analyzing module blk_mem_gen_prim_width__parameterized17
INFO: [VRFC 10-311] analyzing module blk_mem_gen_prim_width__parameterized18
INFO: [VRFC 10-311] analyzing module blk_mem_gen_prim_width__parameterized19
INFO: [VRFC 10-311] analyzing module blk_mem_gen_prim_width__parameterized2
INFO: [VRFC 10-311] analyzing module blk_mem_gen_prim_width__parameterized20
INFO: [VRFC 10-311] analyzing module blk_mem_gen_prim_width__parameterized21
INFO: [VRFC 10-311] analyzing module blk_mem_gen_prim_width__parameterized22
INFO: [VRFC 10-311] analyzing module blk_mem_gen_prim_width__parameterized23
INFO: [VRFC 10-311] analyzing module blk_mem_gen_prim_width__parameterized24
INFO: [VRFC 10-311] analyzing module blk_mem_gen_prim_width__parameterized25
INFO: [VRFC 10-311] analyzing module blk_mem_gen_prim_width__parameterized26
INFO: [VRFC 10-311] analyzing module blk_mem_gen_prim_width__parameterized27
INFO: [VRFC 10-311] analyzing module blk_mem_gen_prim_width__parameterized28
INFO: [VRFC 10-311] analyzing module blk_mem_gen_prim_width__parameterized29
INFO: [VRFC 10-311] analyzing module blk_mem_gen_prim_width__parameterized3
INFO: [VRFC 10-311] analyzing module blk_mem_gen_prim_width__parameterized30
INFO: [VRFC 10-311] analyzing module blk_mem_gen_prim_width__parameterized31
INFO: [VRFC 10-311] analyzing module blk_mem_gen_prim_width__parameterized32
INFO: [VRFC 10-311] analyzing module blk_mem_gen_prim_width__parameterized33
INFO: [VRFC 10-311] analyzing module blk_mem_gen_prim_width__parameterized34
INFO: [VRFC 10-311] analyzing module blk_mem_gen_prim_width__parameterized35
INFO: [VRFC 10-311] analyzing module blk_mem_gen_prim_width__parameterized36
INFO: [VRFC 10-311] analyzing module blk_mem_gen_prim_width__parameterized37
INFO: [VRFC 10-311] analyzing module blk_mem_gen_prim_width__parameterized38
INFO: [VRFC 10-311] analyzing module blk_mem_gen_prim_width__parameterized39
INFO: [VRFC 10-311] analyzing module blk_mem_gen_prim_width__parameterized4
INFO: [VRFC 10-311] analyzing module blk_mem_gen_prim_width__parameterized40
INFO: [VRFC 10-311] analyzing module blk_mem_gen_prim_width__parameterized41
INFO: [VRFC 10-311] analyzing module blk_mem_gen_prim_width__parameterized42
INFO: [VRFC 10-311] analyzing module blk_mem_gen_prim_width__parameterized43
INFO: [VRFC 10-311] analyzing module blk_mem_gen_prim_width__parameterized44
INFO: [VRFC 10-311] analyzing module blk_mem_gen_prim_width__parameterized45
INFO: [VRFC 10-311] analyzing module blk_mem_gen_prim_width__parameterized46
INFO: [VRFC 10-311] analyzing module blk_mem_gen_prim_width__parameterized47
INFO: [VRFC 10-311] analyzing module blk_mem_gen_prim_width__parameterized48
INFO: [VRFC 10-311] analyzing module blk_mem_gen_prim_width__parameterized49
INFO: [VRFC 10-311] analyzing module blk_mem_gen_prim_width__parameterized5
INFO: [VRFC 10-311] analyzing module blk_mem_gen_prim_width__parameterized50
INFO: [VRFC 10-311] analyzing module blk_mem_gen_prim_width__parameterized51
INFO: [VRFC 10-311] analyzing module blk_mem_gen_prim_width__parameterized6
INFO: [VRFC 10-311] analyzing module blk_mem_gen_prim_width__parameterized7
INFO: [VRFC 10-311] analyzing module blk_mem_gen_prim_width__parameterized8
INFO: [VRFC 10-311] analyzing module blk_mem_gen_prim_width__parameterized9
INFO: [VRFC 10-311] analyzing module blk_mem_gen_prim_wrapper
INFO: [VRFC 10-311] analyzing module blk_mem_gen_prim_wrapper__parameterized0
INFO: [VRFC 10-311] analyzing module blk_mem_gen_prim_wrapper__parameterized1
INFO: [VRFC 10-311] analyzing module blk_mem_gen_prim_wrapper__parameterized10
INFO: [VRFC 10-311] analyzing module blk_mem_gen_prim_wrapper__parameterized11
INFO: [VRFC 10-311] analyzing module blk_mem_gen_prim_wrapper__parameterized12
INFO: [VRFC 10-311] analyzing module blk_mem_gen_prim_wrapper__parameterized13
INFO: [VRFC 10-311] analyzing module blk_mem_gen_prim_wrapper__parameterized14
INFO: [VRFC 10-311] analyzing module blk_mem_gen_prim_wrapper__parameterized15
INFO: [VRFC 10-311] analyzing module blk_mem_gen_prim_wrapper__parameterized16
INFO: [VRFC 10-311] analyzing module blk_mem_gen_prim_wrapper__parameterized17
INFO: [VRFC 10-311] analyzing module blk_mem_gen_prim_wrapper__parameterized18
INFO: [VRFC 10-311] analyzing module blk_mem_gen_prim_wrapper__parameterized19
INFO: [VRFC 10-311] analyzing module blk_mem_gen_prim_wrapper__parameterized2
INFO: [VRFC 10-311] analyzing module blk_mem_gen_prim_wrapper__parameterized20
INFO: [VRFC 10-311] analyzing module blk_mem_gen_prim_wrapper__parameterized21
INFO: [VRFC 10-311] analyzing module blk_mem_gen_prim_wrapper__parameterized22
INFO: [VRFC 10-311] analyzing module blk_mem_gen_prim_wrapper__parameterized23
INFO: [VRFC 10-311] analyzing module blk_mem_gen_prim_wrapper__parameterized24
INFO: [VRFC 10-311] analyzing module blk_mem_gen_prim_wrapper__parameterized25
INFO: [VRFC 10-311] analyzing module blk_mem_gen_prim_wrapper__parameterized26
INFO: [VRFC 10-311] analyzing module blk_mem_gen_prim_wrapper__parameterized27
INFO: [VRFC 10-311] analyzing module blk_mem_gen_prim_wrapper__parameterized28
INFO: [VRFC 10-311] analyzing module blk_mem_gen_prim_wrapper__parameterized29
INFO: [VRFC 10-311] analyzing module blk_mem_gen_prim_wrapper__parameterized3
INFO: [VRFC 10-311] analyzing module blk_mem_gen_prim_wrapper__parameterized30
INFO: [VRFC 10-311] analyzing module blk_mem_gen_prim_wrapper__parameterized31
INFO: [VRFC 10-311] analyzing module blk_mem_gen_prim_wrapper__parameterized32
INFO: [VRFC 10-311] analyzing module blk_mem_gen_prim_wrapper__parameterized33
INFO: [VRFC 10-311] analyzing module blk_mem_gen_prim_wrapper__parameterized34
INFO: [VRFC 10-311] analyzing module blk_mem_gen_prim_wrapper__parameterized35
INFO: [VRFC 10-311] analyzing module blk_mem_gen_prim_wrapper__parameterized36
INFO: [VRFC 10-311] analyzing module blk_mem_gen_prim_wrapper__parameterized37
INFO: [VRFC 10-311] analyzing module blk_mem_gen_prim_wrapper__parameterized38
INFO: [VRFC 10-311] analyzing module blk_mem_gen_prim_wrapper__parameterized39
INFO: [VRFC 10-311] analyzing module blk_mem_gen_prim_wrapper__parameterized4
INFO: [VRFC 10-311] analyzing module blk_mem_gen_prim_wrapper__parameterized40
INFO: [VRFC 10-311] analyzing module blk_mem_gen_prim_wrapper__parameterized41
INFO: [VRFC 10-311] analyzing module blk_mem_gen_prim_wrapper__parameterized42
INFO: [VRFC 10-311] analyzing module blk_mem_gen_prim_wrapper__parameterized43
INFO: [VRFC 10-311] analyzing module blk_mem_gen_prim_wrapper__parameterized44
INFO: [VRFC 10-311] analyzing module blk_mem_gen_prim_wrapper__parameterized45
INFO: [VRFC 10-311] analyzing module blk_mem_gen_prim_wrapper__parameterized46
INFO: [VRFC 10-311] analyzing module blk_mem_gen_prim_wrapper__parameterized47
INFO: [VRFC 10-311] analyzing module blk_mem_gen_prim_wrapper__parameterized48
INFO: [VRFC 10-311] analyzing module blk_mem_gen_prim_wrapper__parameterized49
INFO: [VRFC 10-311] analyzing module blk_mem_gen_prim_wrapper__parameterized5
INFO: [VRFC 10-311] analyzing module blk_mem_gen_prim_wrapper__parameterized50
INFO: [VRFC 10-311] analyzing module blk_mem_gen_prim_wrapper__parameterized51
INFO: [VRFC 10-311] analyzing module blk_mem_gen_prim_wrapper__parameterized6
INFO: [VRFC 10-311] analyzing module blk_mem_gen_prim_wrapper__parameterized7
INFO: [VRFC 10-311] analyzing module blk_mem_gen_prim_wrapper__parameterized8
INFO: [VRFC 10-311] analyzing module blk_mem_gen_prim_wrapper__parameterized9
INFO: [VRFC 10-311] analyzing module blk_mem_gen_top
INFO: [VRFC 10-311] analyzing module blk_mem_gen_v8_4_2
INFO: [VRFC 10-311] analyzing module blk_mem_gen_v8_4_2_synth
INFO: [VRFC 10-311] analyzing module clk_x_pntrs
INFO: [VRFC 10-311] analyzing module compare
INFO: [VRFC 10-311] analyzing module compare_1
INFO: [VRFC 10-311] analyzing module compare_2
INFO: [VRFC 10-311] analyzing module compare_3
INFO: [VRFC 10-311] analyzing module fifo_generator_ramfifo
INFO: [VRFC 10-311] analyzing module fifo_generator_top
INFO: [VRFC 10-311] analyzing module fifo_generator_v13_2_3
INFO: [VRFC 10-311] analyzing module fifo_generator_v13_2_3_synth
INFO: [VRFC 10-311] analyzing module memory
INFO: [VRFC 10-311] analyzing module rd_bin_cntr
INFO: [VRFC 10-311] analyzing module rd_logic
INFO: [VRFC 10-311] analyzing module rd_status_flags_as
INFO: [VRFC 10-311] analyzing module reset_blk_ramfifo
INFO: [VRFC 10-311] analyzing module wr_bin_cntr
INFO: [VRFC 10-311] analyzing module wr_logic
INFO: [VRFC 10-311] analyzing module wr_status_flags_as
INFO: [VRFC 10-311] analyzing module glbl
