INFO: [VRFC 10-2263] Analyzing Verilog file "D:/Vivado/pdm_system/zedboard.ip_user_files/bd/design_1/ip/design_1_processing_system7_0_0/sim/design_1_processing_system7_0_0.v" into library xil_defaultlib
INFO: [VRFC 10-311] analyzing module design_1_processing_system7_0_0
INFO: [VRFC 10-2263] Analyzing Verilog file "D:/Vivado/pdm_system/zedboard.ip_user_files/bd/design_1/ip/design_1_xlconstant_0_0/sim/design_1_xlconstant_0_0.v" into library xil_defaultlib
INFO: [VRFC 10-311] analyzing module design_1_xlconstant_0_0
INFO: [VRFC 10-2263] Analyzing Verilog file "D:/Vivado/pdm_system/zedboard.ip_user_files/bd/design_1/ip/ip/fifo_generator_0/sim/fifo_generator_0.v" into library xil_defaultlib
INFO: [VRFC 10-311] analyzing module fifo_generator_0
INFO: [VRFC 10-2263] Analyzing Verilog file "D:/Vivado/pdm_system/zedboard.ip_user_files/bd/design_1/ipshared/212a/src/pdm.v" into library xil_defaultlib
INFO: [VRFC 10-311] analyzing module pdm_m
INFO: [VRFC 10-2263] Analyzing Verilog file "D:/Vivado/pdm_system/zedboard.ip_user_files/bd/design_1/ipshared/212a/src/read_ctrl.v" into library xil_defaultlib
INFO: [VRFC 10-311] analyzing module read_ctrl
INFO: [VRFC 10-2263] Analyzing Verilog file "D:/Vivado/pdm_system/zedboard.ip_user_files/bd/design_1/ipshared/212a/src/write_ctrl.v" into library xil_defaultlib
INFO: [VRFC 10-311] analyzing module write_ctrl
INFO: [VRFC 10-2263] Analyzing Verilog file "D:/Vivado/pdm_system/zedboard.ip_user_files/bd/design_1/ipshared/212a/src/MYIP_TOP.v" into library xil_defaultlib
INFO: [VRFC 10-311] analyzing module MYIP_TOP
INFO: [VRFC 10-2263] Analyzing Verilog file "D:/Vivado/pdm_system/zedboard.ip_user_files/bd/design_1/ip/design_1_MYIP_TOP_0_0/sim/design_1_MYIP_TOP_0_0.v" into library xil_defaultlib
INFO: [VRFC 10-311] analyzing module design_1_MYIP_TOP_0_0
INFO: [VRFC 10-2263] Analyzing Verilog file "D:/Vivado/pdm_system/zedboard.ip_user_files/bd/design_1/sim/design_1.v" into library xil_defaultlib
INFO: [VRFC 10-311] analyzing module design_1
INFO: [VRFC 10-311] analyzing module design_1_axi_interconnect_0_0
INFO: [VRFC 10-311] analyzing module s00_couplers_imp_O7FAN0
INFO: [VRFC 10-2263] Analyzing Verilog file "D:/Vivado/pdm_system/zedboard.ip_user_files/bd/design_1/ip/design_1_auto_pc_0/sim/design_1_auto_pc_0.v" into library xil_defaultlib
INFO: [VRFC 10-311] analyzing module design_1_auto_pc_0
INFO: [VRFC 10-2263] Analyzing Verilog file "D:/Vivado/pdm_system/zedboard.srcs/sources_1/imports/hdl/design_1_wrapper.v" into library xil_defaultlib
INFO: [VRFC 10-311] analyzing module design_1_wrapper
INFO: [VRFC 10-2263] Analyzing Verilog file "D:/Vivado/pdm_system/zedboard.sim/sim_1/behav/xsim/glbl.v" into library xil_defaultlib
INFO: [VRFC 10-311] analyzing module glbl
